<?xml version="1.0" encoding="UTF-8"?>
<!-- Generated by org.testng.reporters.JUnitReportReporter -->
<testsuite hostname="FOCUS-QA-17" failures="0" tests="8" name="com.focus.testcases.CreditNotesTest" time="466.538" errors="0" timestamp="7 Apr 2026 22:11:56 GMT">
  <testcase classname="com.focus.testcases.CreditNotesTest" name="checkVerifingDetailsOfSavedCreditNotesVoucherInHomepage" time="4.298"/>
  <testcase classname="com.focus.testcases.CreditNotesTest" name="CheckLogin" time="14.562"/>
  <testcase classname="com.focus.testcases.CreditNotesTest" name="checkSavingCreditNotesVoucher1" time="159.778"/>
  <testcase classname="com.focus.testcases.CreditNotesTest" name="checkCustomizationOptionInCreditNotes" time="120.476"/>
  <testcase classname="com.focus.testcases.CreditNotesTest" name="checkEditingCreditNotesVoucher1" time="68.094"/>
  <testcase classname="com.focus.testcases.CreditNotesTest" name="checkDeletingCreditNotesVoucher2" time="17.275"/>
  <testcase classname="com.focus.testcases.CreditNotesTest" name="checkLogoutCreditNotesPage" time="7.475"/>
  <testcase classname="com.focus.testcases.CreditNotesTest" name="checkSavingCreditNotesVoucher2" time="74.580"/>
</testsuite> <!-- com.focus.testcases.CreditNotesTest -->
