<?xml version="1.0" encoding="UTF-8"?>
<!-- Generated by org.testng.reporters.JUnitReportReporter -->
<testsuite hostname="FOCUS-QA-17" failures="0" tests="17" name="com.focus.testcases.PurchaseOrdersTest" time="703.739" errors="0" timestamp="7 Apr 2026 22:11:56 GMT">
  <testcase classname="com.focus.testcases.PurchaseOrdersTest" name="checkAuthorizationInPurchaseOrderWithUserAllOptionsST" time="48.055"/>
  <testcase classname="com.focus.testcases.PurchaseOrdersTest" name="checkAuthorizationInPurchaseOrderVoucher2WithUserAllOptionsST" time="24.441"/>
  <testcase classname="com.focus.testcases.PurchaseOrdersTest" name="checkDeletingVoucher2PurchaseOrder" time="28.441"/>
  <testcase classname="com.focus.testcases.PurchaseOrdersTest" name="checkLogoutAndLoginWithUserAllOptionsSTToAuthorizePurchaseOrder" time="29.373"/>
  <testcase classname="com.focus.testcases.PurchaseOrdersTest" name="checkAuthorizationInMaterialRequisitionWithUserAllOptionsST" time="24.742"/>
  <testcase classname="com.focus.testcases.PurchaseOrdersTest" name="checkLogin" time="14.411"/>
  <testcase classname="com.focus.testcases.PurchaseOrdersTest" name="checkDataInPurchaseVoucherVATVoucher1ConvertedLink" time="139.783"/>
  <testcase classname="com.focus.testcases.PurchaseOrdersTest" name="checkLogoutAndLoginWithSUForPurchasesVoucherVAT" time="29.269"/>
  <testcase classname="com.focus.testcases.PurchaseOrdersTest" name="checkLogoutAndLoginWithSU" time="67.969"/>
  <testcase classname="com.focus.testcases.PurchaseOrdersTest" name="checkSavingPurchasesOrderVoucher2WithTwoRows" time="41.616"/>
  <testcase classname="com.focus.testcases.PurchaseOrdersTest" name="checkLogoutAndLoginWithUserAllOptions" time="67.326"/>
  <testcase classname="com.focus.testcases.PurchaseOrdersTest" name="checkLogoutAndLoginWithSUAfterAuthorizingPurchaseOrderVoucher2" time="29.697"/>
  <testcase classname="com.focus.testcases.PurchaseOrdersTest" name="checkLogoutAndLoginWithUserAllOptionsSTToAuthorizePurchaseOrderVoucher2" time="67.677"/>
  <testcase classname="com.focus.testcases.PurchaseOrdersTest" name="checkPurchasesOrderVoucherToDisplayLinksAfterAuthorizationAndSavePurchaseOrder" time="38.157"/>
  <testcase classname="com.focus.testcases.PurchaseOrdersTest" name="checkVerifingDetailsOfSavedPurchaseOrdersVouchersInHomepage" time="7.489"/>
  <testcase classname="com.focus.testcases.PurchaseOrdersTest" name="checkPurchasesOrderVoucherToDisplayLinksWithoutAuthorization" time="37.349"/>
  <testcase classname="com.focus.testcases.PurchaseOrdersTest" name="checkLogoutPurchaseOrdersPage" time="7.944"/>
</testsuite> <!-- com.focus.testcases.PurchaseOrdersTest -->
