<?xml version="1.0" encoding="UTF-8"?>
<!-- Generated by org.testng.reporters.JUnitReportReporter -->
<testsuite hostname="FOCUS-QA-17" failures="0" tests="1" name="com.focus.testcases.ReportGenerationTest" time="1.227" errors="1" timestamp="2026-05-19T17:56:40 IST" skipped="0">
  <testcase classname="com.focus.testcases.ReportGenerationTest" name="reportGeneration" time="1.227">
    <error message="com/sun/image/codec/jpeg/JPEGCodec" type="java.lang.NoClassDefFoundError">
      <![CDATA[java.lang.NoClassDefFoundError: com/sun/image/codec/jpeg/JPEGCodec
at org.jfree.chart.encoders.SunJPEGEncoderAdapter.encode(SunJPEGEncoderAdapter.java:128)
at org.jfree.chart.encoders.EncoderUtil.writeBufferedImage(EncoderUtil.java:144)
at org.jfree.chart.ChartUtilities.writeChartAsJPEG(ChartUtilities.java:426)
at org.jfree.chart.ChartUtilities.writeChartAsJPEG(ChartUtilities.java:374)
at org.automationtesting.excelreport.Xl.generateReport(Xl.java:130)
at com.focus.testcases.ReportGenerationTest.reportGeneration(ReportGenerationTest.java:13)
at java.base/jdk.internal.reflect.DirectMethodHandleAccessor.invoke(DirectMethodHandleAccessor.java:103)
at java.base/java.lang.reflect.Method.invoke(Method.java:580)
at org.testng.internal.invokers.MethodInvocationHelper.invokeMethod(MethodInvocationHelper.java:141)
at org.testng.internal.invokers.TestInvoker.invokeMethod(TestInvoker.java:687)
at org.testng.internal.invokers.TestInvoker.invokeTestMethod(TestInvoker.java:230)
at org.testng.internal.invokers.MethodRunner.runInSequence(MethodRunner.java:63)
at org.testng.internal.invokers.TestInvoker$MethodInvocationAgent.invoke(TestInvoker.java:995)
at org.testng.internal.invokers.TestInvoker.invokeTestMethods(TestInvoker.java:203)
at org.testng.internal.invokers.TestMethodWorker.invokeTestMethods(TestMethodWorker.java:154)
at org.testng.internal.invokers.TestMethodWorker.run(TestMethodWorker.java:134)
at java.base/java.util.ArrayList.forEach(ArrayList.java:1596)
at org.testng.TestRunner.privateRun(TestRunner.java:741)
at org.testng.TestRunner.run(TestRunner.java:616)
at org.testng.SuiteRunner.runTest(SuiteRunner.java:421)
at org.testng.SuiteRunner.runSequentially(SuiteRunner.java:413)
at org.testng.SuiteRunner.privateRun(SuiteRunner.java:373)
at org.testng.SuiteRunner.run(SuiteRunner.java:312)
at org.testng.SuiteRunnerWorker.runSuite(SuiteRunnerWorker.java:52)
at org.testng.SuiteRunnerWorker.run(SuiteRunnerWorker.java:95)
at org.testng.TestNG.runSuitesSequentially(TestNG.java:1274)
at org.testng.TestNG.runSuitesLocally(TestNG.java:1208)
at org.testng.TestNG.runSuites(TestNG.java:1112)
at org.testng.TestNG.run(TestNG.java:1079)
at org.testng.remote.AbstractRemoteTestNG.run(AbstractRemoteTestNG.java:115)
at org.testng.remote.RemoteTestNG.initAndRun(RemoteTestNG.java:293)
at org.testng.remote.RemoteTestNG.main(RemoteTestNG.java:91)
Caused by: java.lang.ClassNotFoundException: com.sun.image.codec.jpeg.JPEGCodec
at java.base/jdk.internal.loader.BuiltinClassLoader.loadClass(BuiltinClassLoader.java:641)
at java.base/jdk.internal.loader.ClassLoaders$AppClassLoader.loadClass(ClassLoaders.java:188)
at java.base/java.lang.ClassLoader.loadClass(ClassLoader.java:526)
... 32 more
]]>
    </error>
    <system-out>
      <![CDATA[About to begin executing following method : ReportGenerationTest.reportGeneration
Completed executing following method : ReportGenerationTest.reportGeneration
Test Method resides in com.focus.testcases.ReportGenerationTest
Test Status: Failed
About to begin executing following method : BaseEngine.afterMethodExecution]]>
    </system-out>
  </testcase> <!-- reportGeneration -->
  <system-out>
    <![CDATA[About to begin executing Suite Suite
About to begin executing following method : BaseEngine.openBrowser
Completed executing following method : BaseEngine.openBrowser
About to begin executing Test Test
About to begin executing following method : BaseEngine.intialiseReports
Completed executing following method : BaseEngine.intialiseReports
About to begin executing following method : BaseEngine.beforeMethodExecution
Completed executing following method : BaseEngine.beforeMethodExecution
About to begin executing following method : URLBrowserTest.verifyBrowserOpen
Completed executing following method : URLBrowserTest.verifyBrowserOpen
Test Method resides in com.focus.testcases.URLBrowserTest
Test Status: Pass
About to begin executing following method : BaseEngine.afterMethodExecution
Completed executing following method : BaseEngine.afterMethodExecution
About to begin executing following method : BaseEngine.beforeMethodExecution
Completed executing following method : BaseEngine.beforeMethodExecution
About to begin executing following method : URLBrowserTest.checkLoginPageTitleByURLInputInBrowser
Completed executing following method : URLBrowserTest.checkLoginPageTitleByURLInputInBrowser
Test Method resides in com.focus.testcases.URLBrowserTest
Test Status: Pass
About to begin executing following method : BaseEngine.afterMethodExecution
Completed executing following method : BaseEngine.afterMethodExecution
About to begin executing following method : BaseEngine.beforeMethodExecution
Completed executing following method : BaseEngine.beforeMethodExecution
About to begin executing following method : VoucherViewsTest.checkLogin
Completed executing following method : VoucherViewsTest.checkLogin
Test Method resides in com.focus.testcases.VoucherViewsTest
Test Status: Pass
About to begin executing following method : BaseEngine.afterMethodExecution
Completed executing following method : BaseEngine.afterMethodExecution
About to begin executing following method : BaseEngine.beforeMethodExecution
Completed executing following method : BaseEngine.beforeMethodExecution
About to begin executing following method : VoucherViewsTest.checkSavingViewWithInsertInformationColumn
Completed executing following method : VoucherViewsTest.checkSavingViewWithInsertInformationColumn
Test Method resides in com.focus.testcases.VoucherViewsTest
Test Status: Pass
About to begin executing following method : BaseEngine.afterMethodExecution
Completed executing following method : BaseEngine.afterMethodExecution
About to begin executing following method : BaseEngine.beforeMethodExecution
Completed executing following method : BaseEngine.beforeMethodExecution
About to begin executing following method : VoucherViewsTest.checkSavingPurchaseVoucherwithInsertInfoColumninView
Completed executing following method : VoucherViewsTest.checkSavingPurchaseVoucherwithInsertInfoColumninView
Test Method resides in com.focus.testcases.VoucherViewsTest
Test Status: Pass
About to begin executing following method : BaseEngine.afterMethodExecution
Completed executing following method : BaseEngine.afterMethodExecution
About to begin executing following method : BaseEngine.beforeMethodExecution
Completed executing following method : BaseEngine.beforeMethodExecution
About to begin executing following method : VoucherViewsTest.checkSavingViewWithMultipleRowsinFilterCriteria
Completed executing following method : VoucherViewsTest.checkSavingViewWithMultipleRowsinFilterCriteria
Test Method resides in com.focus.testcases.VoucherViewsTest
Test Status: Pass
About to begin executing following method : BaseEngine.afterMethodExecution
Completed executing following method : BaseEngine.afterMethodExecution
About to begin executing following method : BaseEngine.beforeMethodExecution
Completed executing following method : BaseEngine.beforeMethodExecution
About to begin executing following method : VoucherViewsTest.checkSavedFilterCriteriainPurchaseVoucherforPurchaseAC
Completed executing following method : VoucherViewsTest.checkSavedFilterCriteriainPurchaseVoucherforPurchaseAC
Test Method resides in com.focus.testcases.VoucherViewsTest
Test Status: Pass
About to begin executing following method : BaseEngine.afterMethodExecution
Completed executing following method : BaseEngine.afterMethodExecution
About to begin executing following method : BaseEngine.beforeMethodExecution
Completed executing following method : BaseEngine.beforeMethodExecution
About to begin executing following method : VoucherViewsTest.checkSavingViewAfterEditingFilterCriteria
Completed executing following method : VoucherViewsTest.checkSavingViewAfterEditingFilterCriteria
Test Method resides in com.focus.testcases.VoucherViewsTest
Test Status: Pass
About to begin executing following method : BaseEngine.afterMethodExecution
Completed executing following method : BaseEngine.afterMethodExecution
About to begin executing following method : BaseEngine.beforeMethodExecution
Completed executing following method : BaseEngine.beforeMethodExecution
About to begin executing following method : VoucherViewsTest.checkEditedFilterCriteriainPurchaseVoucherforPurchaseAC
Completed executing following method : VoucherViewsTest.checkEditedFilterCriteriainPurchaseVoucherforPurchaseAC
Test Method resides in com.focus.testcases.VoucherViewsTest
Test Status: Pass
About to begin executing following method : BaseEngine.afterMethodExecution
Completed executing following method : BaseEngine.afterMethodExecution
About to begin executing following method : BaseEngine.beforeMethodExecution
Completed executing following method : BaseEngine.beforeMethodExecution
About to begin executing following method : VoucherViewsTest.checkSavingViewwithDefaultValueinSalesReturnsVoucher
Completed executing following method : VoucherViewsTest.checkSavingViewwithDefaultValueinSalesReturnsVoucher
Test Method resides in com.focus.testcases.VoucherViewsTest
Test Status: Pass
About to begin executing following method : BaseEngine.afterMethodExecution
Completed executing following method : BaseEngine.afterMethodExecution
About to begin executing following method : BaseEngine.beforeMethodExecution
Completed executing following method : BaseEngine.beforeMethodExecution
About to begin executing following method : VoucherViewsTest.checkLogoutandLoginwithUseralloptionsst
Completed executing following method : VoucherViewsTest.checkLogoutandLoginwithUseralloptionsst
Test Method resides in com.focus.testcases.VoucherViewsTest
Test Status: Pass
About to begin executing following method : BaseEngine.afterMethodExecution
Completed executing following method : BaseEngine.afterMethodExecution
About to begin executing following method : BaseEngine.beforeMethodExecution
Completed executing following method : BaseEngine.beforeMethodExecution
About to begin executing following method : VoucherViewsTest.checkSavingSalesReturnsVoucher
Completed executing following method : VoucherViewsTest.checkSavingSalesReturnsVoucher
Test Method resides in com.focus.testcases.VoucherViewsTest
Test Status: Pass
About to begin executing following method : BaseEngine.afterMethodExecution
Completed executing following method : BaseEngine.afterMethodExecution
About to begin executing following method : BaseEngine.beforeMethodExecution
Completed executing following method : BaseEngine.beforeMethodExecution
About to begin executing following method : VoucherViewsTest.checkLogoutAndLoginWithSU
Completed executing following method : VoucherViewsTest.checkLogoutAndLoginWithSU
Test Method resides in com.focus.testcases.VoucherViewsTest
Test Status: Pass
About to begin executing following method : BaseEngine.afterMethodExecution
Completed executing following method : BaseEngine.afterMethodExecution
About to begin executing following method : BaseEngine.beforeMethodExecution
Completed executing following method : BaseEngine.beforeMethodExecution
About to begin executing following method : VoucherViewsTest.checkSavingOpeningStockVoucher
Completed executing following method : VoucherViewsTest.checkSavingOpeningStockVoucher
Test Method resides in com.focus.testcases.VoucherViewsTest
Test Status: Pass
About to begin executing following method : BaseEngine.afterMethodExecution
Completed executing following method : BaseEngine.afterMethodExecution
About to begin executing following method : BaseEngine.beforeMethodExecution
Completed executing following method : BaseEngine.beforeMethodExecution
About to begin executing following method : VoucherViewsTest.checkSavingViewinSalesInvoiceVoucher
Completed executing following method : VoucherViewsTest.checkSavingViewinSalesInvoiceVoucher
Test Method resides in com.focus.testcases.VoucherViewsTest
Test Status: Pass
About to begin executing following method : BaseEngine.afterMethodExecution
Completed executing following method : BaseEngine.afterMethodExecution
About to begin executing following method : BaseEngine.beforeMethodExecution
Completed executing following method : BaseEngine.beforeMethodExecution
About to begin executing following method : VoucherViewsTest.checkSavingSalesOrderVoucherwithStockItem
Completed executing following method : VoucherViewsTest.checkSavingSalesOrderVoucherwithStockItem
Test Method resides in com.focus.testcases.VoucherViewsTest
Test Status: Pass
About to begin executing following method : BaseEngine.afterMethodExecution
Completed executing following method : BaseEngine.afterMethodExecution
About to begin executing following method : BaseEngine.beforeMethodExecution
Completed executing following method : BaseEngine.beforeMethodExecution
About to begin executing following method : VoucherViewsTest.checkLogoutandLoginwithUseralloptionsstAgain
Completed executing following method : VoucherViewsTest.checkLogoutandLoginwithUseralloptionsstAgain
Test Method resides in com.focus.testcases.VoucherViewsTest
Test Status: Pass
About to begin executing following method : BaseEngine.afterMethodExecution
Completed executing following method : BaseEngine.afterMethodExecution
About to begin executing following method : BaseEngine.beforeMethodExecution
Completed executing following method : BaseEngine.beforeMethodExecution
About to begin executing following method : VoucherViewsTest.checkSavingSalesInvoiceVATthroughConvertOption
Completed executing following method : VoucherViewsTest.checkSavingSalesInvoiceVATthroughConvertOption
Test Method resides in com.focus.testcases.VoucherViewsTest
Test Status: Pass
About to begin executing following method : BaseEngine.afterMethodExecution
Completed executing following method : BaseEngine.afterMethodExecution
About to begin executing following method : BaseEngine.beforeMethodExecution
Completed executing following method : BaseEngine.beforeMethodExecution
About to begin executing following method : VoucherViewsTest.checkLogoutVoucherViewsPage
Completed executing following method : VoucherViewsTest.checkLogoutVoucherViewsPage
Test Method resides in com.focus.testcases.VoucherViewsTest
Test Status: Pass
About to begin executing following method : BaseEngine.afterMethodExecution
Completed executing following method : BaseEngine.afterMethodExecution
About to begin executing following method : BaseEngine.beforeMethodExecution
Completed executing following method : BaseEngine.beforeMethodExecution
About to begin executing following method : ReportGenerationTest.reportGeneration
Completed executing following method : ReportGenerationTest.reportGeneration
Test Method resides in com.focus.testcases.ReportGenerationTest
Test Status: Failed
About to begin executing following method : BaseEngine.afterMethodExecution
Completed executing following method : BaseEngine.afterMethodExecution
About to begin executing following method : BaseEngine.generateReports
Completed executing following method : BaseEngine.generateReports
Completed executing test Test
About to begin executing following method : BaseEngine.closeBrowser
Completed executing following method : BaseEngine.closeBrowser]]>
  </system-out>
</testsuite> <!-- com.focus.testcases.ReportGenerationTest -->
